18/10/2017 10:22:09	This log contains information about the import schema operation into project 'Orpak.Demo.Database' on computer 'WKSJUN000118' by user 'fmendes'.
18/10/2017 10:22:09	Import of database schema has started.
18/10/2017 10:22:14	Gathering database options
18/10/2017 10:22:14	Gathering users
18/10/2017 10:22:14	Gathering roles
18/10/2017 10:22:14	Gathering application roles
18/10/2017 10:22:14	Gathering role memberships
18/10/2017 10:22:14	Gathering filegroups
18/10/2017 10:22:14	Gathering full-text catalogs
18/10/2017 10:22:14	Gathering assemblies
18/10/2017 10:22:14	Gathering certificates
18/10/2017 10:22:14	Gathering asymmetric keys
18/10/2017 10:22:14	Gathering symmetric keys
18/10/2017 10:22:14	Gathering encrypted symmetric keys
18/10/2017 10:22:14	Gathering schemas
18/10/2017 10:22:14	Gathering XML schema collections
18/10/2017 10:22:14	Gathering user-defined data types
18/10/2017 10:22:14	Gathering user-defined types
18/10/2017 10:22:14	Gathering table types
18/10/2017 10:22:14	Gathering unique keys for table types
18/10/2017 10:22:14	Gathering primary keys for table types
18/10/2017 10:22:14	Gathering indexes for table types
18/10/2017 10:22:14	Gathering check constraints for table types
18/10/2017 10:22:14	Gathering default constraints for table types
18/10/2017 10:22:14	Gathering partition functions
18/10/2017 10:22:14	Gathering partition schemes
18/10/2017 10:22:14	Gathering functions
18/10/2017 10:22:14	Gathering encrypted functions
18/10/2017 10:22:14	Gathering aggregates
18/10/2017 10:22:14	Gathering procedures
18/10/2017 10:22:14	Gathering encrypted procedures
18/10/2017 10:22:14	Gathering tables
18/10/2017 10:22:14	Gathering primary keys
18/10/2017 10:22:14	Gathering unique constraints
18/10/2017 10:22:14	Gathering foreign keys
18/10/2017 10:22:14	Gathering default constraints
18/10/2017 10:22:14	Gathering check constraints
18/10/2017 10:22:14	Gathering views
18/10/2017 10:22:14	Gathering encrypted views
18/10/2017 10:22:14	Gathering indexes
18/10/2017 10:22:14	Gathering statistics
18/10/2017 10:22:14	Gathering full-text index stoplists
18/10/2017 10:22:14	Gathering search property lists
18/10/2017 10:22:14	Gathering search properties
18/10/2017 10:22:14	Gathering full-text indexes
18/10/2017 10:22:14	Gathering column store indexes
18/10/2017 10:22:14	Gathering spatial indexes
18/10/2017 10:22:14	Gathering XML indexes
18/10/2017 10:22:14	Gathering Selective XML indexes
18/10/2017 10:22:14	Gathering encrypted triggers
18/10/2017 10:22:14	Gathering triggers
18/10/2017 10:22:14	Gathering encrypted and clr ddl triggers
18/10/2017 10:22:14	Gathering ddl triggers
18/10/2017 10:22:14	Gathering synonyms
18/10/2017 10:22:14	Gathering defaults
18/10/2017 10:22:14	Gathering data constraint uddt bindings
18/10/2017 10:22:14	Gathering rules
18/10/2017 10:22:14	Gathering data constraint uddt bindings
18/10/2017 10:22:14	Gathering message types
18/10/2017 10:22:14	Gathering queues
18/10/2017 10:22:14	Gathering contracts
18/10/2017 10:22:14	Gathering services
18/10/2017 10:22:14	Gathering event notifications
18/10/2017 10:22:14	Gathering remote service bindings
18/10/2017 10:22:14	Gathering broker priorities
18/10/2017 10:22:14	Gathering signatures
18/10/2017 10:22:14	Gathering data compression options
18/10/2017 10:22:14	Gathering sequence types
18/10/2017 10:22:14	Gathering security policies
18/10/2017 10:22:14	Gather column encryption keys
18/10/2017 10:22:14	Gathering column master keys
18/10/2017 10:22:14	Gathering external data sources
18/10/2017 10:22:14	Gathering external file formats
18/10/2017 10:22:14	Gathering external tables
18/10/2017 10:22:14	Gathering extended properties
18/10/2017 10:22:14	Gathering credentials
18/10/2017 10:22:14	Gathering logins
18/10/2017 10:22:14	Gathering server audits
18/10/2017 10:22:15	Scanning project for duplicate elements
18/10/2017 10:22:15	Finished duplicate element processing
18/10/2017 10:22:15	Finished importing database.
18/10/2017 10:22:15	A summary of the import was saved to the following location: C:\Users\fmendes\Desktop\Orpak\Orpak.Demo\Orpak.Demo.Database\Import Schema Logs\Orpak.Demo.Database_20171018122209.log
18/10/2017 10:22:15	Click Finish to continue...
